<?xml version="1.0" encoding="utf-8"?><testsuites name="pytest tests"><testsuite name="pytest" errors="0" failures="0" skipped="0" tests="9" time="2.004" timestamp="2026-03-16T22:44:49.367171+00:00" hostname="agent-env-b0d49195-fbd8-47c4-b618-a0b6e458563c"><testcase classname="backend.tests.test_admin_nutrition_plans.TestAdminLogin" name="test_admin_login_success" time="0.408" /><testcase classname="backend.tests.test_admin_nutrition_plans.TestAdminNutritionPlans" name="test_get_nutrition_plans_returns_plans_list" time="0.519" /><testcase classname="backend.tests.test_admin_nutrition_plans.TestAdminNutritionPlans" name="test_nutrition_plans_excludes_full_plan_text" time="0.140" /><testcase classname="backend.tests.test_admin_nutrition_plans.TestAdminNutritionPlans" name="test_nutrition_plans_include_profile_data" time="0.138" /><testcase classname="backend.tests.test_admin_nutrition_plans.TestAdminNutritionPlans" name="test_nutrition_plan_marco_bianchi_exists" time="0.133" /><testcase classname="backend.tests.test_admin_nutrition_plans.TestResetPlanEndpoint" name="test_reset_plan_nonexistent_user_returns_404" time="0.136" /><testcase classname="backend.tests.test_admin_nutrition_plans.TestResetPlanEndpoint" name="test_reset_plan_requires_admin" time="0.148" /><testcase classname="backend.tests.test_admin_nutrition_plans.TestSearchFunctionality" name="test_plans_return_user_names_for_search" time="0.143" /><testcase classname="backend.tests.test_admin_nutrition_plans.TestSearchFunctionality" name="test_search_by_name_frontend_filter" time="0.128" /></testsuite></testsuites>