<?xml version="1.0" encoding="utf-8"?><testsuites name="pytest tests"><testsuite name="pytest" errors="0" failures="0" skipped="0" tests="12" time="6.126" timestamp="2026-03-20T11:21:42.318855+00:00" hostname="agent-env-b0d49195-fbd8-47c4-b618-a0b6e458563c"><testcase classname="backend.tests.test_cancel_restore_lessons.TestCancelRestoreLessons" name="test_01_get_cancelled_lessons_initial" time="0.451" /><testcase classname="backend.tests.test_cancel_restore_lessons.TestCancelRestoreLessons" name="test_02_cancel_lesson_success" time="0.609" /><testcase classname="backend.tests.test_cancel_restore_lessons.TestCancelRestoreLessons" name="test_03_verify_lesson_in_cancelled_list" time="0.479" /><testcase classname="backend.tests.test_cancel_restore_lessons.TestCancelRestoreLessons" name="test_04_booking_cancelled_lesson_should_fail" time="0.424" /><testcase classname="backend.tests.test_cancel_restore_lessons.TestCancelRestoreLessons" name="test_05_cancel_already_cancelled_lesson" time="0.427" /><testcase classname="backend.tests.test_cancel_restore_lessons.TestCancelRestoreLessons" name="test_06_restore_lesson_success" time="0.424" /><testcase classname="backend.tests.test_cancel_restore_lessons.TestCancelRestoreLessons" name="test_07_verify_lesson_removed_from_cancelled_list" time="0.430" /><testcase classname="backend.tests.test_cancel_restore_lessons.TestCancelRestoreLessons" name="test_08_restore_non_cancelled_lesson_returns_404" time="0.412" /><testcase classname="backend.tests.test_cancel_restore_lessons.TestCancelRestoreLessons" name="test_09_cancel_nonexistent_lesson_returns_404" time="0.558" /><testcase classname="backend.tests.test_cancel_restore_lessons.TestCancelRestoreLessons" name="test_10_cancel_requires_admin_auth" time="0.432" /><testcase classname="backend.tests.test_cancel_restore_lessons.TestCancelRestoreLessons" name="test_11_get_cancelled_lessons_requires_auth" time="0.432" /><testcase classname="backend.tests.test_cancel_restore_lessons.TestCancelLessonFullFlow" name="test_full_cancel_restore_flow" time="0.982" /></testsuite></testsuites>