<?xml version="1.0" encoding="utf-8"?><testsuites name="pytest tests"><testsuite name="pytest" errors="0" failures="0" skipped="0" tests="6" time="9.493" timestamp="2026-07-07T09:53:35.542369+00:00" hostname="agent-env-ba71b2be-3d47-4923-a869-10404081f76b"><testcase classname="backend.tests.test_lessons_orario_estivo" name="test_lessons_count" time="0.613" /><testcase classname="backend.tests.test_lessons_orario_estivo" name="test_no_17_30_on_tue_thu" time="0.000" /><testcase classname="backend.tests.test_lessons_orario_estivo" name="test_martedi_1830_acquapower" time="0.000" /><testcase classname="backend.tests.test_lessons_orario_estivo" name="test_giovedi_1830_acquagag" time="0.000" /><testcase classname="backend.tests.test_lessons_orario_estivo" name="test_day_distribution" time="0.000" /><testcase classname="backend.tests.test_lessons_orario_estivo" name="test_idempotency_after_restart" time="8.779" /></testsuite></testsuites>