<?xml version="1.0" encoding="utf-8"?><testsuites name="pytest tests"><testsuite name="pytest" errors="0" failures="0" skipped="0" tests="16" time="4.378" timestamp="2026-03-26T09:18:12.783164+00:00" hostname="agent-env-a3c2aff6-ff7c-4da2-8188-661c327c39b1"><testcase classname="backend.tests.test_lottery_3_winners.TestLotterySetPrize" name="test_set_prize_requires_auth" time="0.187" /><testcase classname="backend.tests.test_lottery_3_winners.TestLotterySetPrize" name="test_set_prize_accepts_3_prizes" time="0.459" /><testcase classname="backend.tests.test_lottery_3_winners.TestLotterySetPrize" name="test_set_prize_missing_fields" time="0.126" /><testcase classname="backend.tests.test_lottery_3_winners.TestLotteryCurrentPrize" name="test_current_prize_returns_3_prizes" time="0.101" /><testcase classname="backend.tests.test_lottery_3_winners.TestLotteryCurrentPrize" name="test_current_prize_values_match_set_prizes" time="0.098" /><testcase classname="backend.tests.test_lottery_3_winners.TestLotteryStatus" name="test_lottery_status_structure" time="0.467" /><testcase classname="backend.tests.test_lottery_3_winners.TestLotteryStatus" name="test_lottery_status_vincitori_structure" time="0.100" /><testcase classname="backend.tests.test_lottery_3_winners.TestLotteryWinners" name="test_lottery_winners_returns_list" time="0.448" /><testcase classname="backend.tests.test_lottery_3_winners.TestLotteryWinners" name="test_lottery_winners_structure" time="0.103" /><testcase classname="backend.tests.test_lottery_3_winners.TestLotteryExtractWinner" name="test_extract_winner_requires_admin" time="0.099" /><testcase classname="backend.tests.test_lottery_3_winners.TestLotteryExtractWinner" name="test_extract_winner_endpoint_exists" time="0.419" /><testcase classname="backend.tests.test_lottery_3_winners.TestLotteryMarkPrizeCollected" name="test_mark_prize_collected_requires_admin" time="0.095" /><testcase classname="backend.tests.test_lottery_3_winners.TestLotteryMarkPrizeCollected" name="test_mark_prize_collected_invalid_position" time="0.533" /><testcase classname="backend.tests.test_lottery_3_winners.TestLotteryMarkPrizeCollected" name="test_mark_prize_collected_valid_positions" time="0.343" /><testcase classname="backend.tests.test_lottery_3_winners.TestLotteryIntegration" name="test_set_and_get_prizes_flow" time="0.568" /><testcase classname="backend.tests.test_lottery_3_winners.TestLotteryIntegration" name="test_lottery_status_shows_prizes" time="0.100" /></testsuite></testsuites>