<?xml version="1.0" encoding="utf-8"?><testsuites name="pytest tests"><testsuite name="pytest" errors="0" failures="0" skipped="0" tests="15" time="5.714" timestamp="2026-05-01T15:29:23.137224+00:00" hostname="agent-env-ba71b2be-3d47-4923-a869-10404081f76b"><testcase classname="backend.tests.test_maestro_top.TestWeekPool" name="test_week_pool_default_last_week" time="0.730" /><testcase classname="backend.tests.test_maestro_top.TestWeekPool" name="test_week_pool_specific_week_current" time="2.538" /><testcase classname="backend.tests.test_maestro_top.TestWeekPool" name="test_week_pool_invalid_week" time="0.181" /><testcase classname="backend.tests.test_maestro_top.TestWeekPool" name="test_week_pool_forbidden_for_client" time="0.132" /><testcase classname="backend.tests.test_maestro_top.TestWeekPool" name="test_week_pool_unauth" time="0.146" /><testcase classname="backend.tests.test_maestro_top.TestPublishTop" name="test_publish_zero_ids" time="0.164" /><testcase classname="backend.tests.test_maestro_top.TestPublishTop" name="test_publish_more_than_3_ids" time="0.122" /><testcase classname="backend.tests.test_maestro_top.TestPublishTop" name="test_publish_invalid_id" time="0.184" /><testcase classname="backend.tests.test_maestro_top.TestPublishTop" name="test_publish_nonexistent_id" time="0.145" /><testcase classname="backend.tests.test_maestro_top.TestPublishTop" name="test_publish_happy_path_and_get_top_anonymous" time="0.291" /><testcase classname="backend.tests.test_maestro_top.TestPublishTop" name="test_top_unauth" time="0.144" /><testcase classname="backend.tests.test_maestro_top.TestPublishTop" name="test_publish_forbidden_for_client" time="0.130" /><testcase classname="backend.tests.test_maestro_top.TestUnpublishTop" name="test_unpublish_happy_path" time="0.345" /><testcase classname="backend.tests.test_maestro_top.TestUnpublishTop" name="test_unpublish_nonexistent" time="0.154" /><testcase classname="backend.tests.test_maestro_top.TestUnpublishTop" name="test_unpublish_forbidden_for_client" time="0.143" /></testsuite></testsuites>