<?xml version="1.0" encoding="utf-8"?><testsuites name="pytest tests"><testsuite name="pytest" errors="0" failures="0" skipped="0" tests="11" time="4.204" timestamp="2026-05-01T15:08:54.031680+00:00" hostname="agent-env-ba71b2be-3d47-4923-a869-10404081f76b"><testcase classname="backend.tests.test_maestro" name="test_today_initial_can_ask_true" time="0.615" /><testcase classname="backend.tests.test_maestro" name="test_ask_invalid_topic_returns_400" time="0.121" /><testcase classname="backend.tests.test_maestro" name="test_ask_too_short_domanda_returns_400" time="0.163" /><testcase classname="backend.tests.test_maestro" name="test_ask_too_long_domanda_returns_400" time="0.138" /><testcase classname="backend.tests.test_maestro" name="test_ask_valid_creates_question_and_awards_ticket" time="1.858" /><testcase classname="backend.tests.test_maestro" name="test_today_after_ask_shows_locked" time="0.173" /><testcase classname="backend.tests.test_maestro" name="test_ask_second_time_same_day_returns_429" time="0.119" /><testcase classname="backend.tests.test_maestro" name="test_history_returns_list" time="0.129" /><testcase classname="backend.tests.test_maestro" name="test_admin_maestro_all" time="0.517" /><testcase classname="backend.tests.test_maestro" name="test_admin_endpoint_forbidden_for_client" time="0.134" /><testcase classname="backend.tests.test_maestro" name="test_ask_unauth_returns_401" time="0.121" /></testsuite></testsuites>