<?xml version="1.0" encoding="utf-8"?><testsuites name="pytest tests"><testsuite name="pytest" errors="0" failures="0" skipped="0" tests="6" time="6.263" timestamp="2026-03-26T15:48:53.583086+00:00" hostname="agent-env-7ab6f227-b515-4652-be58-03132115052e"><testcase classname="backend.tests.test_prova_7gg_subscription.TestProva7ggSubscription" name="test_create_prova_7gg_subscription_success" time="1.133" /><testcase classname="backend.tests.test_prova_7gg_subscription.TestProva7ggSubscription" name="test_prova_7gg_sets_user_trial_fields" time="1.061" /><testcase classname="backend.tests.test_prova_7gg_subscription.TestProva7ggSubscription" name="test_prova_7gg_pagato_always_true" time="0.888" /><testcase classname="backend.tests.test_prova_7gg_subscription.TestProva7ggSubscription" name="test_check_user_is_trial_returns_true_for_prova_7gg" time="1.051" /><testcase classname="backend.tests.test_prova_7gg_subscription.TestProva7ggSubscription" name="test_prova_7gg_appears_in_subscriptions_list" time="1.081" /><testcase classname="backend.tests.test_prova_7gg_subscription.TestProva7ggSubscription" name="test_subscription_type_enum_includes_prova_7gg" time="0.926" /></testsuite></testsuites>