<?xml version="1.0" encoding="utf-8"?><testsuites name="pytest tests"><testsuite name="pytest" errors="0" failures="0" skipped="0" tests="11" time="4.693" timestamp="2026-02-21T17:54:21.949675+00:00" hostname="agent-env-449a65c2-bccb-4f97-8e0e-2d8a32e50eb6"><testcase classname="tests.test_booking_dates.TestHealthAndAuth" name="test_api_health" time="0.238" /><testcase classname="tests.test_booking_dates.TestHealthAndAuth" name="test_admin_login" time="0.424" /><testcase classname="tests.test_booking_dates.TestHealthAndAuth" name="test_client_login" time="0.388" /><testcase classname="tests.test_booking_dates.TestLessons" name="test_get_lessons" time="0.661" /><testcase classname="tests.test_booking_dates.TestBookingDateCalculation" name="test_create_booking_with_correct_date" time="0.632" /><testcase classname="tests.test_booking_dates.TestBookingDateCalculation" name="test_booking_date_matches_lesson_day" time="0.052" /><testcase classname="tests.test_booking_dates.TestWeeklyBookingsAdmin" name="test_weekly_bookings_structure" time="0.466" /><testcase classname="tests.test_booking_dates.TestWeeklyBookingsAdmin" name="test_bookings_appear_under_correct_day" time="0.571" /><testcase classname="tests.test_booking_dates.TestWeeklyBookingsAdmin" name="test_existing_tuesday_booking" time="0.061" /><testcase classname="tests.test_booking_dates.TestBookingsEndpoint" name="test_get_my_bookings" time="0.451" /><testcase classname="tests.test_booking_dates.TestDateValidation" name="test_booking_by_date_endpoint" time="0.525" /></testsuite></testsuites>