<?xml version="1.0" encoding="utf-8"?><testsuites name="pytest tests"><testsuite name="pytest" errors="0" failures="0" skipped="0" tests="24" time="5.714" timestamp="2026-03-16T12:22:30.654619+00:00" hostname="agent-env-d4a6d49f-dace-4c75-b5b0-afc983b6f0be"><testcase classname="backend.tests.test_performance_optimizations.TestHealthAndInit" name="test_health_endpoint" time="0.187" /><testcase classname="backend.tests.test_performance_optimizations.TestHealthAndInit" name="test_gzip_compression_active" time="0.102" /><testcase classname="backend.tests.test_performance_optimizations.TestHealthAndInit" name="test_init_admin_creates_admin" time="0.137" /><testcase classname="backend.tests.test_performance_optimizations.TestAuthentication" name="test_admin_login_success" time="0.710" /><testcase classname="backend.tests.test_performance_optimizations.TestAuthentication" name="test_auth_me_returns_user_data" time="0.850" /><testcase classname="backend.tests.test_performance_optimizations.TestLessonsWithCache" name="test_get_all_lessons" time="0.803" /><testcase classname="backend.tests.test_performance_optimizations.TestLessonsWithCache" name="test_get_lessons_by_day_lunedi" time="0.137" /><testcase classname="backend.tests.test_performance_optimizations.TestBlockedDatesWithCache" name="test_get_blocked_dates" time="0.114" /><testcase classname="backend.tests.test_performance_optimizations.TestAdminDashboard" name="test_admin_dashboard_parallel_queries" time="0.147" /><testcase classname="backend.tests.test_performance_optimizations.TestAdminDashboard" name="test_admin_weekly_stats" time="0.139" /><testcase classname="backend.tests.test_performance_optimizations.TestAdminDashboard" name="test_admin_weekly_bookings" time="0.171" /><testcase classname="backend.tests.test_performance_optimizations.TestInstructorEndpoints" name="test_istruttore_lezioni" time="0.187" /><testcase classname="backend.tests.test_performance_optimizations.TestUserLivelloParallelQueries" name="test_user_livello" time="0.099" /><testcase classname="backend.tests.test_performance_optimizations.TestLotteryWithParallelQueries" name="test_lottery_status" time="0.199" /><testcase classname="backend.tests.test_performance_optimizations.TestWheelWithParallelQueries" name="test_wheel_status" time="0.146" /><testcase classname="backend.tests.test_performance_optimizations.TestQuizWithParallelQueries" name="test_quiz_today" time="0.201" /><testcase classname="backend.tests.test_performance_optimizations.TestNutritionWithParallelQueries" name="test_nutrition_my_plan" time="0.120" /><testcase classname="backend.tests.test_performance_optimizations.TestMessagesEndpoint" name="test_get_messages" time="0.131" /><testcase classname="backend.tests.test_performance_optimizations.TestNotificationsWithBatchQuery" name="test_admin_notifications" time="0.166" /><testcase classname="backend.tests.test_performance_optimizations.TestSubscriptionEndpoints" name="test_subscriptions_me" time="0.279" /><testcase classname="backend.tests.test_performance_optimizations.TestBookingEndpoints" name="test_bookings_me" time="0.139" /><testcase classname="backend.tests.test_performance_optimizations.TestMedalsEndpoint" name="test_medals_me" time="0.104" /><testcase classname="backend.tests.test_performance_optimizations.TestLeaderboardEndpoint" name="test_leaderboard_weekly" time="0.134" /><testcase classname="backend.tests.test_performance_optimizations.TestGzipCompression" name="test_gzip_on_lessons" time="0.142" /></testsuite></testsuites>