<?xml version="1.0" encoding="utf-8"?><testsuites name="pytest tests"><testsuite name="pytest" errors="0" failures="0" skipped="0" tests="11" time="1.321" timestamp="2026-03-26T09:49:19.533870+00:00" hostname="agent-env-a3c2aff6-ff7c-4da2-8188-661c327c39b1"><testcase classname="backend.tests.test_quiz_categories.TestQuizTodayEndpoint" name="test_quiz_today_no_spin_returns_no_spin_reason" time="0.483" /><testcase classname="backend.tests.test_quiz_categories.TestQuizTodayEndpoint" name="test_quiz_today_response_structure" time="0.047" /><testcase classname="backend.tests.test_quiz_categories.TestSelectCategoryEndpoint" name="test_select_category_invalid_category_returns_400" time="0.044" /><testcase classname="backend.tests.test_quiz_categories.TestSelectCategoryEndpoint" name="test_select_category_without_spin_returns_400" time="0.106" /><testcase classname="backend.tests.test_quiz_categories.TestSelectCategoryEndpoint" name="test_select_category_valid_categories" time="0.199" /><testcase classname="backend.tests.test_quiz_categories.TestQuizAnswerEndpoint" name="test_answer_without_category_returns_error" time="0.091" /><testcase classname="backend.tests.test_quiz_categories.TestQuizAnswerEndpoint" name="test_answer_saves_categoria_field" time="0.046" /><testcase classname="backend.tests.test_quiz_categories.TestQuizQuestionsContent" name="test_quiz_categories_info_endpoint" time="0.045" /><testcase classname="backend.tests.test_quiz_categories.TestQuizWithWheelSpin" name="test_full_quiz_flow_documentation" time="0.047" /><testcase classname="backend.tests.test_quiz_categories.TestAPIServiceIntegration" name="test_select_category_response_format" time="0.046" /><testcase classname="backend.tests.test_quiz_categories.TestAPIServiceIntegration" name="test_quiz_answer_response_format" time="0.048" /></testsuite></testsuites>