<?xml version="1.0" encoding="utf-8"?><testsuites name="pytest tests"><testsuite name="pytest" errors="0" failures="0" skipped="0" tests="13" time="33.519" timestamp="2026-07-07T12:24:55.630862+00:00" hostname="agent-env-ba71b2be-3d47-4923-a869-10404081f76b"><testcase classname="backend.tests.test_schedule_snapshots.TestSnapshotAuth" name="test_list_requires_auth" time="5.648" /><testcase classname="backend.tests.test_schedule_snapshots.TestSnapshotAuth" name="test_create_requires_auth" time="0.118" /><testcase classname="backend.tests.test_schedule_snapshots.TestSnapshotAuth" name="test_restore_requires_auth" time="6.294" /><testcase classname="backend.tests.test_schedule_snapshots.TestSnapshotAuth" name="test_delete_requires_auth" time="0.121" /><testcase classname="backend.tests.test_schedule_snapshots.TestSnapshotAuth" name="test_client_cannot_access" time="0.440" /><testcase classname="backend.tests.test_schedule_snapshots.TestSnapshotCRUD" name="test_create_with_custom_name" time="4.214" /><testcase classname="backend.tests.test_schedule_snapshots.TestSnapshotCRUD" name="test_create_default_name" time="0.106" /><testcase classname="backend.tests.test_schedule_snapshots.TestSnapshotCRUD" name="test_list_snapshots" time="15.105" /><testcase classname="backend.tests.test_schedule_snapshots.TestSnapshotCRUD" name="test_delete_snapshot" time="0.165" /><testcase classname="backend.tests.test_schedule_snapshots.TestSnapshotCRUD" name="test_delete_snapshot_404" time="0.102" /><testcase classname="backend.tests.test_schedule_snapshots.TestSnapshotCRUD" name="test_delete_bad_id" time="0.101" /><testcase classname="backend.tests.test_schedule_snapshots.TestSnapshotCRUD" name="test_restore_404" time="0.103" /><testcase classname="backend.tests.test_schedule_snapshots.TestSnapshotRestoreE2E" name="test_full_restore_flow" time="0.937" /></testsuite></testsuites>