<?xml version="1.0" encoding="utf-8"?><testsuites name="pytest tests"><testsuite name="pytest" errors="0" failures="0" skipped="0" tests="6" time="3.303" timestamp="2026-07-07T12:06:42.945215+00:00" hostname="agent-env-ba71b2be-3d47-4923-a869-10404081f76b"><testcase classname="backend.tests.test_schedule_management.TestActivities" name="test_list_default_activities" time="0.614" /><testcase classname="backend.tests.test_schedule_management.TestActivities" name="test_activities_require_auth" time="0.117" /><testcase classname="backend.tests.test_schedule_management.TestActivities" name="test_admin_activity_requires_admin" time="0.423" /><testcase classname="backend.tests.test_schedule_management.TestActivities" name="test_create_update_delete_activity" time="0.686" /><testcase classname="backend.tests.test_schedule_management.TestLessons" name="test_lessons_crud_full_flow" time="1.250" /><testcase classname="backend.tests.test_schedule_management.TestLessons" name="test_admin_lessons_require_admin" time="0.103" /></testsuite></testsuites>