<?xml version="1.0" encoding="utf-8"?><testsuites name="pytest tests"><testsuite name="pytest" errors="0" failures="0" skipped="0" tests="10" time="5.853" timestamp="2026-07-07T12:54:03.001017+00:00" hostname="agent-env-ba71b2be-3d47-4923-a869-10404081f76b"><testcase classname="backend.tests.test_web_push" name="test_vapid_public_key_no_auth" time="2.749" /><testcase classname="backend.tests.test_web_push" name="test_push_status_requires_auth" time="0.104" /><testcase classname="backend.tests.test_web_push" name="test_push_subscribe_requires_auth" time="0.100" /><testcase classname="backend.tests.test_web_push" name="test_push_unsubscribe_requires_auth" time="0.102" /><testcase classname="backend.tests.test_web_push" name="test_push_status_authenticated" time="0.441" /><testcase classname="backend.tests.test_web_push" name="test_push_subscribe_and_unsubscribe" time="0.743" /><testcase classname="backend.tests.test_web_push" name="test_push_subscribe_malformed_payload" time="0.324" /><testcase classname="backend.tests.test_web_push" name="test_create_announcement_returns_push_stats" time="0.533" /><testcase classname="backend.tests.test_web_push" name="test_create_inactive_announcement_no_push" time="0.265" /><testcase classname="backend.tests.test_web_push" name="test_toggle_announcement_push_only_on_activation" time="0.425" /></testsuite></testsuites>